dri:x059c791g
dri:x059c792r
dri:x059c7949
dri:x059c7931
dri:1n79h8707
dri:x059c7974
dri:x059c798d
dri:1n79h4427
dri:1n79h447m
dri:1n79h4495
dri:1n79h443h
dri:1n79h448w
dri:1n79h4452
dri:1n79h444s
dri:1n79h446b
dri:1n79h823v
dri:1n79h827z
dri:1n79h825d
dri:1n79h826p
dri:1n79h8244
dri:1n79h8308
dri:1n79h829h
dri:1n79h8287
dri:1n79h831j
dri:1n79h8333
dri:1n79h832t
dri:1n79h834c
dri:1n79h835n
dri:1n79h836x
dri:1n79h839r
dri:1n79h840h
dri:1n79h8376
dri:1n79h838g
dri:1n79h841s
dri:1n79h8422
dri:x059c767d
dri:1n79h843b
dri:1n79h847f
dri:1n79h845w
dri:1n79h8465
dri:1n79h850r
dri:1n79h848q
dri:1n79h8490
dri:0c483j73m
dri:0c483j72b
dri:0c483j74w
dri:0c483j755
dri:0c483j77q
dri:0c483j83v
dri:0c483j780
dri:0c483j82k
dri:0c483j798
dri:0c483j844
dri:0c483j801
dri:0c483j819
dri:0c483j76f
dri:1n79h470d
dri:1n79h468c
dri:1n79h4673
dri:1n79h465j
dri:0c483j85d
dri:1n79h466t
dri:1n79h469n
dri:0c483j86p
dri:1n79h471p
dri:1n79h4737
dri:1n79h474h
dri:1n79h4762
dri:1n79h478m
dri:1n79h475s
dri:1n79h479w
dri:1n79h472z
dri:1n79h477b
dri:1n79h822k
dri:1n79h808r
dri:1n79h8112
dri:1n79h810s
dri:1n79h8091
dri:1n79h812b
dri:1n79h814w
dri:1n79h813m
dri:1n79h8155
dri:1n79h817q
dri:1n79h8180
dri:1n79h816f
dri:1n79h8198
dri:1n79h8219
dri:1n79h8201
dri:1n79h8511
dri:1n79h853k
dri:1n79h8529
dri:1n79h854v
dri:1n79h856d
dri:1n79h8554
dri:1n79h857p
dri:x059c783s
dri:x059c782h
dri:x059c785b
dri:x059c7842
dri:x059c786m
dri:x059c787w
dri:x059c789f
dri:x059c7885
dri:s1784k792
dri:s1784k80t
dri:s1784k813
dri:s1784k82c
dri:s1784k83n
dri:s1784k84x
dri:s1784k856
dri:s1784k724
dri:s1784k73d
dri:s1784k74p
dri:s1784k75z
dri:s1784k767
dri:s1784k77h
dri:s1784k78s
